Using pre-set license
Built from '2022.3/staging' branch; Version is '2022.3.14f1 (eff2de9070d8) revision 15725278'; Using compiler version '192829333'; Build Type 'Release'
OS: 'Windows 11  (10.0.22631) 64bit Professional' Language: 'pt' Physical Memory: 16068 MB
BatchMode: 1, IsHumanControllingUs: 0, StartBugReporterOnCrash: 0, Is64bit: 1, IsPro: 1

COMMAND LINE ARGUMENTS:
C:\Program Files\Unity\Hub\Editor\2022.3.14f1\Editor\Unity.exe
-adb2
-batchMode
-noUpm
-name
AssetImportWorker2
-projectPath
C:/Users/joaom/OneDrive/Documentos/Google Dino Game pc
-logFile
Logs/AssetImportWorker2.log
-srvPort
58600
Successfully changed project path to: C:/Users/joaom/OneDrive/Documentos/Google Dino Game pc
C:/Users/joaom/OneDrive/Documentos/Google Dino Game pc
[UnityMemory] Configuration Parameters - Can be set up in boot.config
    "memorysetup-bucket-allocator-granularity=16"
    "memorysetup-bucket-allocator-bucket-count=8"
    "memorysetup-bucket-allocator-block-size=33554432"
    "memorysetup-bucket-allocator-block-count=8"
    "memorysetup-main-allocator-block-size=16777216"
    "memorysetup-thread-allocator-block-size=16777216"
    "memorysetup-gfx-main-allocator-block-size=16777216"
    "memorysetup-gfx-thread-allocator-block-size=16777216"
    "memorysetup-cache-allocator-block-size=4194304"
    "memorysetup-typetree-allocator-block-size=2097152"
    "memorysetup-profiler-bucket-allocator-granularity=16"
    "memorysetup-profiler-bucket-allocator-bucket-count=8"
    "memorysetup-profiler-bucket-allocator-block-size=33554432"
    "memorysetup-profiler-bucket-allocator-block-count=8"
    "memorysetup-profiler-allocator-block-size=16777216"
    "memorysetup-profiler-editor-allocator-block-size=1048576"
    "memorysetup-temp-allocator-size-main=16777216"
    "memorysetup-job-temp-allocator-block-size=2097152"
    "memorysetup-job-temp-allocator-block-size-background=1048576"
    "memorysetup-job-temp-allocator-reduction-small-platforms=262144"
    "memorysetup-allocator-temp-initial-block-size-main=262144"
    "memorysetup-allocator-temp-initial-block-size-worker=262144"
    "memorysetup-temp-allocator-size-background-worker=32768"
    "memorysetup-temp-allocator-size-job-worker=262144"
    "memorysetup-temp-allocator-size-preload-manager=33554432"
    "memorysetup-temp-allocator-size-nav-mesh-worker=65536"
    "memorysetup-temp-allocator-size-audio-worker=65536"
    "memorysetup-temp-allocator-size-cloud-worker=32768"
    "memorysetup-temp-allocator-size-gi-baking-worker=262144"
    "memorysetup-temp-allocator-size-gfx=262144"
Player connection [28708] Host "[IP] 192.168.56.1 [Port] 0 [Flags] 2 [Guid] 1938688825 [EditorId] 1938688825 [Version] 1048832 [Id] WindowsEditor(7,JM7087-Notbook) [Debug] 1 [PackageName] WindowsEditor [ProjectName] Editor" joined multi-casting on [225.0.0.222:54997]...

Player connection [28708] Host "[IP] 192.168.56.1 [Port] 0 [Flags] 2 [Guid] 1938688825 [EditorId] 1938688825 [Version] 1048832 [Id] WindowsEditor(7,JM7087-Notbook) [Debug] 1 [PackageName] WindowsEditor [ProjectName] Editor" joined alternative multi-casting on [225.0.0.222:34997]...

[Physics::Module] Initialized MultithreadedJobDispatcher with 11 workers.
Refreshing native plugins compatible for Editor in 8.39 ms, found 2 plugins.
Preloading 0 native plugins for Editor in 0.00 ms.
Initialize engine version: 2022.3.14f1 (eff2de9070d8)
[Subsystems] Discovering subsystems at path C:/Program Files/Unity/Hub/Editor/2022.3.14f1/Editor/Data/Resources/UnitySubsystems
[Subsystems] Discovering subsystems at path C:/Users/joaom/OneDrive/Documentos/Google Dino Game pc/Assets
GfxDevice: creating device client; threaded=0; jobified=0
Direct3D:
    Version:  Direct3D 11.0 [level 11.1]
    Renderer: NVIDIA GeForce MX550 (ID=0x1f9f)
    Vendor:   NVIDIA
    VRAM:     1920 MB
    Driver:   31.0.15.4617
Initialize mono
Mono path[0] = 'C:/Program Files/Unity/Hub/Editor/2022.3.14f1/Editor/Data/Managed'
Mono path[1] = 'C:/Program Files/Unity/Hub/Editor/2022.3.14f1/Editor/Data/MonoBleedingEdge/lib/mono/unityjit-win32'
Mono config path = 'C:/Program Files/Unity/Hub/Editor/2022.3.14f1/Editor/Data/MonoBleedingEdge/etc'
Using monoOptions --debugger-agent=transport=dt_socket,embedding=1,server=y,suspend=n,address=127.0.0.1:56676
Begin MonoManager ReloadAssembly
Registering precompiled unity dll's ...
Register platform support module: C:/Program Files/Unity/Hub/Editor/2022.3.14f1/Editor/Data/PlaybackEngines/WebGLSupport/UnityEditor.WebGL.Extensions.dll
Register platform support module: C:/Program Files/Unity/Hub/Editor/2022.3.14f1/Editor/Data/PlaybackEngines/AndroidPlayer/UnityEditor.Android.Extensions.dll
Register platform support module: C:/Program Files/Unity/Hub/Editor/2022.3.14f1/Editor/Data/PlaybackEngines/WindowsStandaloneSupport/UnityEditor.WindowsStandalone.Extensions.dll
Registered in 0.004641 seconds.
- Loaded All Assemblies, in  0.250 seconds
Native extension for WindowsStandalone target not found
Native extension for Android target not found
Android Extension - Scanning For ADB Devices 313 ms
Native extension for WebGL target not found
Mono: successfully reloaded assembly
- Finished resetting the current domain, in  0.549 seconds
Domain Reload Profiling: 799ms
	BeginReloadAssembly (79ms)
		ExecutionOrderSort (0ms)
		DisableScriptedObjects (0ms)
		BackupInstance (0ms)
		ReleaseScriptingObjects (0ms)
		CreateAndSetChildDomain (1ms)
	RebuildCommonClasses (23ms)
	RebuildNativeTypeToScriptingClass (7ms)
	initialDomainReloadingComplete (40ms)
	LoadAllAssembliesAndSetupDomain (101ms)
		LoadAssemblies (78ms)
		RebuildTransferFunctionScriptingTraits (0ms)
		AnalyzeDomain (99ms)
			TypeCache.Refresh (97ms)
				TypeCache.ScanAssembly (88ms)
			ScanForSourceGeneratedMonoScriptInfo (0ms)
			ResolveRequiredComponents (0ms)
	FinalizeReload (549ms)
		ReleaseScriptCaches (0ms)
		RebuildScriptCaches (0ms)
		SetupLoadedEditorAssemblies (506ms)
			LogAssemblyErrors (0ms)
			InitializePlatformSupportModulesInManaged (395ms)
			SetLoadedEditorAssemblies (3ms)
			RefreshPlugins (0ms)
			BeforeProcessingInitializeOnLoad (2ms)
			ProcessInitializeOnLoadAttributes (73ms)
			ProcessInitializeOnLoadMethodAttributes (34ms)
			AfterProcessingInitializeOnLoad (0ms)
			EditorAssembliesLoaded (0ms)
		ExecutionOrderSort2 (0ms)
		AwakeInstancesAfterBackupRestoration (0ms)
========================================================================
Worker process is ready to serve import requests
Begin MonoManager ReloadAssembly
Symbol file LoadedFromMemory is not a mono symbol file
- Loaded All Assemblies, in  1.776 seconds
Refreshing native plugins compatible for Editor in 3.98 ms, found 2 plugins.
Native extension for WindowsStandalone target not found
Native extension for Android target not found
Native extension for WebGL target not found
Package Manager log level set to [2]
[Package Manager] Server::EnsureServerProcessIsRunning -- launch failed, reason: Unity was launched with the -noUpm command-line argument
[Package Manager] UpmClient::Send -- Unable to send message (not connected to UPM process).
[Package Manager] Cannot connect to Unity Package Manager local server
Mono: successfully reloaded assembly
- Finished resetting the current domain, in  0.467 seconds
Domain Reload Profiling: 2242ms
	BeginReloadAssembly (106ms)
		ExecutionOrderSort (0ms)
		DisableScriptedObjects (3ms)
		BackupInstance (0ms)
		ReleaseScriptingObjects (0ms)
		CreateAndSetChildDomain (17ms)
	RebuildCommonClasses (24ms)
	RebuildNativeTypeToScriptingClass (7ms)
	initialDomainReloadingComplete (31ms)
	LoadAllAssembliesAndSetupDomain (1606ms)
		LoadAssemblies (1580ms)
		RebuildTransferFunctionScriptingTraits (0ms)
		AnalyzeDomain (88ms)
			TypeCache.Refresh (73ms)
				TypeCache.ScanAssembly (60ms)
			ScanForSourceGeneratedMonoScriptInfo (12ms)
			ResolveRequiredComponents (2ms)
	FinalizeReload (468ms)
		ReleaseScriptCaches (0ms)
		RebuildScriptCaches (0ms)
		SetupLoadedEditorAssemblies (365ms)
			LogAssemblyErrors (0ms)
			InitializePlatformSupportModulesInManaged (19ms)
			SetLoadedEditorAssemblies (3ms)
			RefreshPlugins (0ms)
			BeforeProcessingInitializeOnLoad (39ms)
			ProcessInitializeOnLoadAttributes (192ms)
			ProcessInitializeOnLoadMethodAttributes (109ms)
			AfterProcessingInitializeOnLoad (3ms)
			EditorAssembliesLoaded (0ms)
		ExecutionOrderSort2 (0ms)
		AwakeInstancesAfterBackupRestoration (4ms)
Launched and connected shader compiler UnityShaderCompiler.exe after 0.07 seconds
Refreshing native plugins compatible for Editor in 4.24 ms, found 2 plugins.
Preloading 0 native plugins for Editor in 0.00 ms.
Unloading 2532 Unused Serialized files (Serialized files now loaded: 0)
Unloading 61 unused Assets / (68.5 KB). Loaded Objects now: 2978.
Memory consumption went from 113.7 MB to 113.6 MB.
Total: 6.075600 ms (FindLiveObjects: 0.178400 ms CreateObjectMapping: 0.082700 ms MarkObjects: 5.698100 ms  DeleteObjects: 0.115300 ms)

AssetImportParameters requested are different than current active one (requested -> active):
  custom:scripting/monoscript/fileName/IEvent.cs: f7cce7f4860a47a518cf90c64abd05c7 -> c25d501578d8ebe48d7b30415b0df4c5
  custom:scripting/monoscript/fileName/ScorePageToken.cs: 97173f03f5402e8fd535ed0c6891b163 -> 
  custom:video-decoder-webm-vp8: 9c59270c3fd7afecdb556c50c9e8de78 -> 
  custom:scripting/monoscript/fileName/ISavedGameMetadata.cs: 728770efd5b05ff682d05fda45546aee -> 
  custom:scripting/monoscript/fileName/IEventsClient.cs: 0067272868cc259d3fe6a1283ca7833d -> 
  custom:scripting/monoscript/fileName/PlayGamesAchievement.cs: 530d737b7e14c8d591d01c919e2466ec -> 
  custom:SearchIndexIgnoredProperties: e643bd26f0fe6173181afceb89e7c659 -> 
  custom:scripting/monoscript/fileName/Logger.cs: 20d4e87dbd52c9484f869740e229899c -> 
  custom:container-demuxer-ogg: 62fdf1f143b41e24485cea50d1cbac27 -> 
  custom:AudioImporter_EditorPlatform: d09bf68614088b80899f8185d706f6e7 -> 
  custom:scripting/monoscript/fileName/Achievement.cs: 978186372928681247250c5b1f6682b7 -> 
  custom:scripting/monoscript/fileName/AndroidUtils.cs: f14de4686b589a012e48daae776f3163 -> 
  custom:scripting/monoscript/fileName/PlayerProfile.cs: 52f1ac5d6c73270449ae0c0605067bc7 -> 
  custom:scripting/precompiled-assembly-types:Google.Play.Games.Editor: 82270e0cca7a444fdc7a0b7193852b8a -> 
  custom:scripting/monoscript/fileName/NearbyConnectionConfiguration.cs: 326413c805ad744958644a24b29818ec -> 
  custom:video-codec-MediaFoundation-h265: 746d11721c4dcdbdad8f713fa42b33f4 -> 
  custom:scripting/monoscript/fileName/GPGSStrings.cs: eba6129179ee3282f161b43ccc53413d -> 
  custom:scripting/monoscript/fileName/AdvertisingResult.cs: 69884f0f6782aedcee2af79ea710fa1f -> 
  custom:scripting/monoscript/fileName/AndroidClient.cs: cf1f9d6a0f19529142e5991cd3649efc -> 
  custom:scripting/monoscript/fileName/GPGSUpgrader.cs: 0e924e1ca8e04d585123d9b1b9c2359b -> 
  custom:video-decoder-ogg-theora: a1e56fd34408186e4bbccfd4996cb3dc -> 
  custom:scripting/monoscript/fileName/AndroidSnapshotMetadata.cs: 02a8c4360571e306e5e45fb8894437b4 -> 
  custom:scripting/monoscript/fileName/GPGSDocsUI.cs: e5b9b64fe2750512900156e5d06aebb1 -> 
  custom:scripting/monoscript/fileName/PluginVersion.cs: a43a3090eee8f0a6db908c121f864835 -> 
  custom:scripting/monoscript/fileName/CommonTypes.cs: edae8cd818c8c15537b56f54662aef97 -> 
  custom:scripting/monoscript/fileName/PlayGamesHelperObject.cs: 40af6cb273ee23946d0a287a84e6ac45 -> 
  custom:framework-win-MediaFoundation: 216162199b28c13a410421893ffa2e32 -> 
  custom:scripting/monoscript/fileName/ConnectionResponse.cs: 78e930d5f6ddbcb87c9bb04054feb4f4 -> 
  custom:scripting/monoscript/fileName/PlayGamesLeaderboard.cs: e57e68a96d9bf0c4733affa0a7e2a583 -> 
  custom:scripting/monoscript/fileName/PlayGamesUserProfile.cs: b6bc85dc41f283b82bbd58567d32987e -> 
  custom:scripting/monoscript/fileName/GPGSPostBuild.cs: 2b24793b5237f406b18671714e81a38c -> 
  custom:scripting/monoscript/fileName/DummyNearbyConnectionClient.cs: 19b8cfddc734c61632ac5cfffcaf3fda -> 
  custom:scripting/precompiled-assembly-types:Google.VersionHandlerImpl: e3d539dfe6b6e43ea09be712a6d9758b -> 
  custom:scripting/monoscript/fileName/GPGSAndroidSetupUI.cs: 8b1d9f360da062eb1282113b1aa93088 -> 
  custom:video-encoder-webm-vp8: eb34c28f22e8b96e1ab97ce403110664 -> 
  custom:scripting/precompiled-assembly-types:Google.VersionHandler: f1f1971fbe84275ad04694aedeee42e1 -> 
  custom:scripting/precompiled-assembly-types:Unity.Services.Core.Device: e4929fb33cf5f7c080e2e61fef03b352 -> 63b48da9c583ff24a0dde69e3097501c
  custom:scripting/monoscript/fileName/EndpointDetails.cs: 2fe8581a8de1314bb31cd0e3f0db82c7 -> 
  custom:audio-decoder-ogg-vorbis: bf7c407c2cedff20999df2af8eb42d56 -> 
  custom:scripting/monoscript/fileName/Misc.cs: fa31ca3dc15e4fa432a0e5618694430f -> 7ed2e50827551a4e78c69f183dffa2c9
  custom:scripting/precompiled-assembly-types:UnityEngine.Advertisements: 78fdebbc09ab712afd40ea5c2c77a04e -> eddddc804f85d325d3f2cfb2febf94fd
  custom:scripting/monoscript/fileName/DummyClient.cs: 04e5821b8a6ba8e885f77791d8d2af9b -> 
  custom:scripting/monoscript/fileName/AndroidTaskUtils.cs: c83b5c78c597c9ce5be057130723296f -> 
  custom:CustomObjectIndexerAttribute: 756ad292c208cfabdd7b50bc23989ffe -> 
  custom:scripting/monoscript/fileName/AndroidJavaConverter.cs: b8e9bb5a63e8c4bae7dadb272508c9c9 -> 
  custom:scripting/precompiled-assembly-types:UnityEngine.UI: 7ac2e4ab0e1385bc66dd6dd258282fe3 -> f762135bac905e34e2b540c872c48817
  custom:scripting/precompiled-assembly-types:Google.Play.Games: f396ab092e3e7d4feff98bcafeedb81a -> 
  custom:scripting/monoscript/fileName/NearbyHelperObject.cs: 872529d557da4f153bf7fb3cde123e4d -> 
  custom:scripting/monoscript/fileName/AndroidHelperFragment.cs: 4edaedc8e611f3e7ebec226c5c8c57c5 -> 
  custom:container-demuxer-webm: 4f35f7cbe854078d1ac9338744f61a02 -> 
  custom:scripting/monoscript/fileName/PlayGamesPlatform.cs: b4ce3ec0a7794e814841053b200e7515 -> 
  custom:scripting/monoscript/fileName/AndroidBanner.cs: 282e9473b9351b3ad8cc7993d8b7cc25 -> 
  custom:scripting/monoscript/fileName/LeaderboardScoreData.cs: f59d096850c030884020496f27773daa -> 
  custom:scripting/monoscript/fileName/AndroidPlatform.cs: ec502a76f2de8159fa482f5b711d49f3 -> 
  custom:scripting/monoscript/fileName/GPGSUtil.cs: 7330c98adf6c7654b4fb89d325ddc8d1 -> 
  custom:scripting/monoscript/fileName/Player.cs: 2bd5703edbb5ac844718c8192ef92c97 -> 
  custom:scripting/monoscript/fileName/Event.cs: 497ab23e85fab6c34d84e9904a7d6466 -> cb070e1fa428d6874e278104534888fa
  custom:scripting/monoscript/fileName/PlatformUtils.cs: 4ef649a4a831698afc8297112125dacc -> 
  custom:scripting/monoscript/fileName/INearbyConnectionClient.cs: 7d4f3e6798f3e87dd02d58e8c264b9e1 -> 
  custom:audio-encoder-webm-vorbis: bf7c407c2cedff20999df2af8eb42d56 -> 
  custom:scripting/monoscript/fileName/ConnectionRequest.cs: e7ce8cecf54cbf7fc7a2464df96d98d5 -> 
  custom:scripting/monoscript/fileName/AndroidNearbyConnectionClient.cs: 02d91864ac894b082850b88b9197fdf3 -> 
  custom:scripting/monoscript/fileName/PlayGamesLocalUser.cs: a4d3bf4cdde55e5790eb94529097d5e8 -> 
  custom:scripting/monoscript/fileName/PlayGamesClientFactory.cs: 9824bf9b8cae92ddd6a5ea2f9e8fac87 -> 
  custom:scripting/monoscript/fileName/SavedGameMetadataUpdate.cs: 3b852f137ba4677178aff6bddf2edc07 -> 
  custom:scripting/monoscript/fileName/NearbyConnectionUI.cs: 9d9e0378f5d86be1d9f6cfb8bddd7a7d -> 
  custom:scripting/monoscript/fileName/NearbyConnectionClientFactory.cs: 3dbb7656de86c2d84f59fc67a8a308ee -> 
  custom:scripting/monoscript/fileName/GPGSProjectSettings.cs: 2dff5c77ac9689a24ff864a915073474 -> 
  custom:scripting/monoscript/fileName/AndroidSavedGameClient.cs: ccc4b9e88ed9a12c0060ba07ae7f2503 -> 
  custom:scripting/monoscript/fileName/GameInfo.cs: 3fc98cad7d219a3d5ba181f6d5fedfbd -> 
  custom:scripting/monoscript/fileName/IPlayGamesClient.cs: 9dfb94d63c1b3dc426074055863f2ba6 -> 
  custom:container-muxer-webm: aa71ff27fc2769a1b78a27578f13a17b -> 
  custom:scripting/monoscript/fileName/AndroidEventsClient.cs: a683f80269eb031b531d6fecc8c8df66 -> 
  custom:scripting/monoscript/fileName/ISavedGameClient.cs: a56d38bd0266524761809fe983e94fe0 -> 
  custom:scripting/monoscript/fileName/PlayerStats.cs: 1718029faa191fe7663bc7c355d8ac57 -> 
  custom:scripting/monoscript/fileName/PlayGamesScore.cs: 1f1259b068cd28f0bad2da11bbdf59ff -> 
========================================================================
Received Import Request.
  Time since last request: 172070.053965 seconds.
  path: Assets/Sound/jump.ogg
  artifactKey: Guid(c67931ffccbbfc84c8f8bc42d739d9d4) Importer(815301076,1909f56bfc062723c751e8b465ee728b)
Start importing Assets/Sound/jump.ogg using Guid(c67931ffccbbfc84c8f8bc42d739d9d4) Importer(815301076,1909f56bfc062723c751e8b465ee728b)  -> (artifact id: '2e91a7ae2d376d7aced3bcb9c1c5af5d') in 0.063410 seconds
Number of updated asset objects reloaded before import = 0
Number of asset objects unloaded after import = 2
========================================================================
Received Import Request.
  Time since last request: 7.026871 seconds.
  path: Assets/Scripts/GameOver.cs
  artifactKey: Guid(96dc9ac11a1761a41b8cff34e132abf5) Importer(815301076,1909f56bfc062723c751e8b465ee728b)
Start importing Assets/Scripts/GameOver.cs using Guid(96dc9ac11a1761a41b8cff34e132abf5) Importer(815301076,1909f56bfc062723c751e8b465ee728b)  -> (artifact id: '66950622b7500c20051c7e075b52b281') in 0.000477 seconds
Number of updated asset objects reloaded before import = 0
Number of asset objects unloaded after import = 0
========================================================================
Received Prepare
Begin MonoManager ReloadAssembly
Symbol file LoadedFromMemory is not a mono symbol file
- Loaded All Assemblies, in  0.983 seconds
Refreshing native plugins compatible for Editor in 7.51 ms, found 2 plugins.
Native extension for WindowsStandalone target not found
Native extension for Android target not found
Native extension for WebGL target not found
[Package Manager] Server::EnsureServerProcessIsRunning -- launch failed, reason: Unity was launched with the -noUpm command-line argument
[Package Manager] UpmClient::Send -- Unable to send message (not connected to UPM process).
[Package Manager] Cannot connect to Unity Package Manager local server
Mono: successfully reloaded assembly
- Finished resetting the current domain, in  0.738 seconds
Domain Reload Profiling: 1712ms
	BeginReloadAssembly (507ms)
		ExecutionOrderSort (0ms)
		DisableScriptedObjects (14ms)
		BackupInstance (0ms)
		ReleaseScriptingObjects (0ms)
		CreateAndSetChildDomain (43ms)
	RebuildCommonClasses (37ms)
	RebuildNativeTypeToScriptingClass (13ms)
	initialDomainReloadingComplete (43ms)
	LoadAllAssembliesAndSetupDomain (373ms)
		LoadAssemblies (502ms)
		RebuildTransferFunctionScriptingTraits (0ms)
		AnalyzeDomain (18ms)
			TypeCache.Refresh (8ms)
				TypeCache.ScanAssembly (0ms)
			ScanForSourceGeneratedMonoScriptInfo (6ms)
			ResolveRequiredComponents (3ms)
	FinalizeReload (739ms)
		ReleaseScriptCaches (0ms)
		RebuildScriptCaches (0ms)
		SetupLoadedEditorAssemblies (435ms)
			LogAssemblyErrors (0ms)
			InitializePlatformSupportModulesInManaged (23ms)
			SetLoadedEditorAssemblies (4ms)
			RefreshPlugins (0ms)
			BeforeProcessingInitializeOnLoad (47ms)
			ProcessInitializeOnLoadAttributes (235ms)
			ProcessInitializeOnLoadMethodAttributes (122ms)
			AfterProcessingInitializeOnLoad (4ms)
			EditorAssembliesLoaded (0ms)
		ExecutionOrderSort2 (0ms)
		AwakeInstancesAfterBackupRestoration (8ms)
Refreshing native plugins compatible for Editor in 4.42 ms, found 2 plugins.
Preloading 0 native plugins for Editor in 0.00 ms.
Unloading 2524 Unused Serialized files (Serialized files now loaded: 0)
Unloading 52 unused Assets / (43.2 KB). Loaded Objects now: 2990.
Memory consumption went from 114.1 MB to 114.1 MB.
Total: 6.339400 ms (FindLiveObjects: 0.192400 ms CreateObjectMapping: 0.068300 ms MarkObjects: 6.002500 ms  DeleteObjects: 0.074400 ms)

Prepare: number of updated asset objects reloaded= 0
AssetImportParameters requested are different than current active one (requested -> active):
  custom:scripting/monoscript/fileName/IEvent.cs: f7cce7f4860a47a518cf90c64abd05c7 -> c25d501578d8ebe48d7b30415b0df4c5
  custom:scripting/monoscript/fileName/ScorePageToken.cs: 97173f03f5402e8fd535ed0c6891b163 -> 
  custom:video-decoder-webm-vp8: 9c59270c3fd7afecdb556c50c9e8de78 -> 
  custom:scripting/monoscript/fileName/ISavedGameMetadata.cs: 728770efd5b05ff682d05fda45546aee -> 
  custom:scripting/monoscript/fileName/IEventsClient.cs: 0067272868cc259d3fe6a1283ca7833d -> 
  custom:scripting/monoscript/fileName/PlayGamesAchievement.cs: 530d737b7e14c8d591d01c919e2466ec -> 
  custom:SearchIndexIgnoredProperties: e643bd26f0fe6173181afceb89e7c659 -> 
  custom:scripting/monoscript/fileName/Logger.cs: 20d4e87dbd52c9484f869740e229899c -> 
  custom:container-demuxer-ogg: 62fdf1f143b41e24485cea50d1cbac27 -> 
  custom:AudioImporter_EditorPlatform: d09bf68614088b80899f8185d706f6e7 -> 
  custom:scripting/monoscript/fileName/Achievement.cs: 978186372928681247250c5b1f6682b7 -> 
  custom:scripting/monoscript/fileName/AndroidUtils.cs: f14de4686b589a012e48daae776f3163 -> 
  custom:scripting/monoscript/fileName/PlayerProfile.cs: 52f1ac5d6c73270449ae0c0605067bc7 -> 
  custom:scripting/monoscript/fileName/NearbyConnectionConfiguration.cs: 326413c805ad744958644a24b29818ec -> 
  custom:video-codec-MediaFoundation-h265: 746d11721c4dcdbdad8f713fa42b33f4 -> 
  custom:scripting/monoscript/fileName/GPGSStrings.cs: eba6129179ee3282f161b43ccc53413d -> 
  custom:scripting/monoscript/fileName/AdvertisingResult.cs: 69884f0f6782aedcee2af79ea710fa1f -> 
  custom:scripting/monoscript/fileName/AndroidClient.cs: cf1f9d6a0f19529142e5991cd3649efc -> 
  custom:scripting/monoscript/fileName/GPGSUpgrader.cs: 0e924e1ca8e04d585123d9b1b9c2359b -> 
  custom:video-decoder-ogg-theora: a1e56fd34408186e4bbccfd4996cb3dc -> 
  custom:scripting/monoscript/fileName/AndroidSnapshotMetadata.cs: 02a8c4360571e306e5e45fb8894437b4 -> 
  custom:scripting/monoscript/fileName/GPGSDocsUI.cs: e5b9b64fe2750512900156e5d06aebb1 -> 
  custom:scripting/monoscript/fileName/PluginVersion.cs: a43a3090eee8f0a6db908c121f864835 -> 
  custom:scripting/monoscript/fileName/CommonTypes.cs: edae8cd818c8c15537b56f54662aef97 -> 
  custom:scripting/monoscript/fileName/PlayGamesHelperObject.cs: 40af6cb273ee23946d0a287a84e6ac45 -> 
  custom:framework-win-MediaFoundation: 216162199b28c13a410421893ffa2e32 -> 
  custom:scripting/monoscript/fileName/ConnectionResponse.cs: 78e930d5f6ddbcb87c9bb04054feb4f4 -> 
  custom:scripting/monoscript/fileName/PlayGamesLeaderboard.cs: e57e68a96d9bf0c4733affa0a7e2a583 -> 
  custom:scripting/monoscript/fileName/PlayGamesUserProfile.cs: b6bc85dc41f283b82bbd58567d32987e -> 
  custom:scripting/monoscript/fileName/GPGSPostBuild.cs: 2b24793b5237f406b18671714e81a38c -> 
  custom:scripting/monoscript/fileName/DummyNearbyConnectionClient.cs: 19b8cfddc734c61632ac5cfffcaf3fda -> 
  custom:scripting/monoscript/fileName/GPGSAndroidSetupUI.cs: 8b1d9f360da062eb1282113b1aa93088 -> 
  custom:video-encoder-webm-vp8: eb34c28f22e8b96e1ab97ce403110664 -> 
  custom:scripting/monoscript/fileName/EndpointDetails.cs: 2fe8581a8de1314bb31cd0e3f0db82c7 -> 
  custom:audio-decoder-ogg-vorbis: bf7c407c2cedff20999df2af8eb42d56 -> 
  custom:scripting/monoscript/fileName/Misc.cs: fa31ca3dc15e4fa432a0e5618694430f -> 7ed2e50827551a4e78c69f183dffa2c9
  custom:scripting/monoscript/fileName/DummyClient.cs: 04e5821b8a6ba8e885f77791d8d2af9b -> 
  custom:scripting/monoscript/fileName/AndroidTaskUtils.cs: c83b5c78c597c9ce5be057130723296f -> 
  custom:CustomObjectIndexerAttribute: 756ad292c208cfabdd7b50bc23989ffe -> 
  custom:scripting/monoscript/fileName/AndroidJavaConverter.cs: b8e9bb5a63e8c4bae7dadb272508c9c9 -> 
  custom:scripting/monoscript/fileName/NearbyHelperObject.cs: 872529d557da4f153bf7fb3cde123e4d -> 
  custom:scripting/monoscript/fileName/AndroidHelperFragment.cs: 4edaedc8e611f3e7ebec226c5c8c57c5 -> 
  custom:container-demuxer-webm: 4f35f7cbe854078d1ac9338744f61a02 -> 
  custom:scripting/monoscript/fileName/PlayGamesPlatform.cs: b4ce3ec0a7794e814841053b200e7515 -> 
  custom:scripting/monoscript/fileName/AndroidBanner.cs: 282e9473b9351b3ad8cc7993d8b7cc25 -> 
  custom:scripting/monoscript/fileName/LeaderboardScoreData.cs: f59d096850c030884020496f27773daa -> 
  custom:scripting/monoscript/fileName/AndroidPlatform.cs: ec502a76f2de8159fa482f5b711d49f3 -> 
  custom:scripting/monoscript/fileName/GPGSUtil.cs: 7330c98adf6c7654b4fb89d325ddc8d1 -> 
  custom:scripting/monoscript/fileName/Player.cs: 2bd5703edbb5ac844718c8192ef92c97 -> 
  custom:scripting/monoscript/fileName/Event.cs: 497ab23e85fab6c34d84e9904a7d6466 -> cb070e1fa428d6874e278104534888fa
  custom:scripting/monoscript/fileName/PlatformUtils.cs: 4ef649a4a831698afc8297112125dacc -> 
  custom:scripting/monoscript/fileName/INearbyConnectionClient.cs: 7d4f3e6798f3e87dd02d58e8c264b9e1 -> 
  custom:audio-encoder-webm-vorbis: bf7c407c2cedff20999df2af8eb42d56 -> 
  custom:scripting/monoscript/fileName/ConnectionRequest.cs: e7ce8cecf54cbf7fc7a2464df96d98d5 -> 
  custom:scripting/monoscript/fileName/AndroidNearbyConnectionClient.cs: 02d91864ac894b082850b88b9197fdf3 -> 
  custom:scripting/monoscript/fileName/PlayGamesLocalUser.cs: a4d3bf4cdde55e5790eb94529097d5e8 -> 
  custom:scripting/monoscript/fileName/PlayGamesClientFactory.cs: 9824bf9b8cae92ddd6a5ea2f9e8fac87 -> 
  custom:scripting/monoscript/fileName/SavedGameMetadataUpdate.cs: 3b852f137ba4677178aff6bddf2edc07 -> 
  custom:scripting/monoscript/fileName/NearbyConnectionUI.cs: 9d9e0378f5d86be1d9f6cfb8bddd7a7d -> 
  custom:scripting/monoscript/fileName/NearbyConnectionClientFactory.cs: 3dbb7656de86c2d84f59fc67a8a308ee -> 
  custom:scripting/monoscript/fileName/GPGSProjectSettings.cs: 2dff5c77ac9689a24ff864a915073474 -> 
  custom:scripting/monoscript/fileName/AndroidSavedGameClient.cs: ccc4b9e88ed9a12c0060ba07ae7f2503 -> 
  custom:scripting/monoscript/fileName/GameInfo.cs: 3fc98cad7d219a3d5ba181f6d5fedfbd -> 
  custom:scripting/monoscript/fileName/IPlayGamesClient.cs: 9dfb94d63c1b3dc426074055863f2ba6 -> 
  custom:container-muxer-webm: aa71ff27fc2769a1b78a27578f13a17b -> 
  custom:scripting/monoscript/fileName/AndroidEventsClient.cs: a683f80269eb031b531d6fecc8c8df66 -> 
  custom:scripting/monoscript/fileName/ISavedGameClient.cs: a56d38bd0266524761809fe983e94fe0 -> 
  custom:scripting/monoscript/fileName/PlayerStats.cs: 1718029faa191fe7663bc7c355d8ac57 -> 
  custom:scripting/monoscript/fileName/PlayGamesScore.cs: 1f1259b068cd28f0bad2da11bbdf59ff -> 
========================================================================
Received Prepare
Begin MonoManager ReloadAssembly
Symbol file LoadedFromMemory is not a mono symbol file
- Loaded All Assemblies, in  0.546 seconds
Refreshing native plugins compatible for Editor in 4.65 ms, found 2 plugins.
Native extension for WindowsStandalone target not found
Native extension for Android target not found
Native extension for WebGL target not found
[Package Manager] Server::EnsureServerProcessIsRunning -- launch failed, reason: Unity was launched with the -noUpm command-line argument
[Package Manager] UpmClient::Send -- Unable to send message (not connected to UPM process).
[Package Manager] Cannot connect to Unity Package Manager local server
Mono: successfully reloaded assembly
- Finished resetting the current domain, in  0.826 seconds
Domain Reload Profiling: 1371ms
	BeginReloadAssembly (257ms)
		ExecutionOrderSort (0ms)
		DisableScriptedObjects (4ms)
		BackupInstance (0ms)
		ReleaseScriptingObjects (0ms)
		CreateAndSetChildDomain (34ms)
	RebuildCommonClasses (25ms)
	RebuildNativeTypeToScriptingClass (10ms)
	initialDomainReloadingComplete (32ms)
	LoadAllAssembliesAndSetupDomain (220ms)
		LoadAssemblies (286ms)
		RebuildTransferFunctionScriptingTraits (0ms)
		AnalyzeDomain (8ms)
			TypeCache.Refresh (5ms)
				TypeCache.ScanAssembly (0ms)
			ScanForSourceGeneratedMonoScriptInfo (0ms)
			ResolveRequiredComponents (2ms)
	FinalizeReload (827ms)
		ReleaseScriptCaches (0ms)
		RebuildScriptCaches (0ms)
		SetupLoadedEditorAssemblies (500ms)
			LogAssemblyErrors (0ms)
			InitializePlatformSupportModulesInManaged (27ms)
			SetLoadedEditorAssemblies (4ms)
			RefreshPlugins (0ms)
			BeforeProcessingInitializeOnLoad (56ms)
			ProcessInitializeOnLoadAttributes (265ms)
			ProcessInitializeOnLoadMethodAttributes (142ms)
			AfterProcessingInitializeOnLoad (5ms)
			EditorAssembliesLoaded (0ms)
		ExecutionOrderSort2 (0ms)
		AwakeInstancesAfterBackupRestoration (7ms)
Refreshing native plugins compatible for Editor in 5.33 ms, found 2 plugins.
Preloading 0 native plugins for Editor in 0.00 ms.
Unloading 2525 Unused Serialized files (Serialized files now loaded: 0)
Unloading 52 unused Assets / (43.2 KB). Loaded Objects now: 2993.
Memory consumption went from 116.3 MB to 116.3 MB.
Total: 6.415800 ms (FindLiveObjects: 0.320700 ms CreateObjectMapping: 0.101300 ms MarkObjects: 5.906500 ms  DeleteObjects: 0.084300 ms)

Prepare: number of updated asset objects reloaded= 0
AssetImportParameters requested are different than current active one (requested -> active):
  custom:scripting/monoscript/fileName/IEvent.cs: f7cce7f4860a47a518cf90c64abd05c7 -> c25d501578d8ebe48d7b30415b0df4c5
  custom:scripting/monoscript/fileName/ScorePageToken.cs: 97173f03f5402e8fd535ed0c6891b163 -> 
  custom:video-decoder-webm-vp8: 9c59270c3fd7afecdb556c50c9e8de78 -> 
  custom:scripting/monoscript/fileName/ISavedGameMetadata.cs: 728770efd5b05ff682d05fda45546aee -> 
  custom:scripting/monoscript/fileName/IEventsClient.cs: 0067272868cc259d3fe6a1283ca7833d -> 
  custom:scripting/monoscript/fileName/PlayGamesAchievement.cs: 530d737b7e14c8d591d01c919e2466ec -> 
  custom:SearchIndexIgnoredProperties: e643bd26f0fe6173181afceb89e7c659 -> 
  custom:scripting/monoscript/fileName/Logger.cs: 20d4e87dbd52c9484f869740e229899c -> 
  custom:container-demuxer-ogg: 62fdf1f143b41e24485cea50d1cbac27 -> 
  custom:AudioImporter_EditorPlatform: d09bf68614088b80899f8185d706f6e7 -> 
  custom:scripting/monoscript/fileName/Achievement.cs: 978186372928681247250c5b1f6682b7 -> 
  custom:scripting/monoscript/fileName/AndroidUtils.cs: f14de4686b589a012e48daae776f3163 -> 
  custom:scripting/monoscript/fileName/PlayerProfile.cs: 52f1ac5d6c73270449ae0c0605067bc7 -> 
  custom:scripting/monoscript/fileName/NearbyConnectionConfiguration.cs: 326413c805ad744958644a24b29818ec -> 
  custom:video-codec-MediaFoundation-h265: 746d11721c4dcdbdad8f713fa42b33f4 -> 
  custom:scripting/monoscript/fileName/GPGSStrings.cs: eba6129179ee3282f161b43ccc53413d -> 
  custom:scripting/monoscript/fileName/AdvertisingResult.cs: 69884f0f6782aedcee2af79ea710fa1f -> 
  custom:scripting/monoscript/fileName/AndroidClient.cs: cf1f9d6a0f19529142e5991cd3649efc -> 
  custom:scripting/monoscript/fileName/GPGSUpgrader.cs: 0e924e1ca8e04d585123d9b1b9c2359b -> 
  custom:video-decoder-ogg-theora: a1e56fd34408186e4bbccfd4996cb3dc -> 
  custom:scripting/monoscript/fileName/AndroidSnapshotMetadata.cs: 02a8c4360571e306e5e45fb8894437b4 -> 
  custom:scripting/monoscript/fileName/GPGSDocsUI.cs: e5b9b64fe2750512900156e5d06aebb1 -> 
  custom:scripting/monoscript/fileName/PluginVersion.cs: a43a3090eee8f0a6db908c121f864835 -> 
  custom:scripting/monoscript/fileName/CommonTypes.cs: edae8cd818c8c15537b56f54662aef97 -> 
  custom:scripting/monoscript/fileName/PlayGamesHelperObject.cs: 40af6cb273ee23946d0a287a84e6ac45 -> 
  custom:framework-win-MediaFoundation: 216162199b28c13a410421893ffa2e32 -> 
  custom:scripting/monoscript/fileName/ConnectionResponse.cs: 78e930d5f6ddbcb87c9bb04054feb4f4 -> 
  custom:scripting/monoscript/fileName/PlayGamesLeaderboard.cs: e57e68a96d9bf0c4733affa0a7e2a583 -> 
  custom:scripting/monoscript/fileName/PlayGamesUserProfile.cs: b6bc85dc41f283b82bbd58567d32987e -> 
  custom:scripting/monoscript/fileName/GPGSPostBuild.cs: 2b24793b5237f406b18671714e81a38c -> 
  custom:scripting/monoscript/fileName/DummyNearbyConnectionClient.cs: 19b8cfddc734c61632ac5cfffcaf3fda -> 
  custom:scripting/monoscript/fileName/GPGSAndroidSetupUI.cs: 8b1d9f360da062eb1282113b1aa93088 -> 
  custom:video-encoder-webm-vp8: eb34c28f22e8b96e1ab97ce403110664 -> 
  custom:scripting/monoscript/fileName/EndpointDetails.cs: 2fe8581a8de1314bb31cd0e3f0db82c7 -> 
  custom:audio-decoder-ogg-vorbis: bf7c407c2cedff20999df2af8eb42d56 -> 
  custom:scripting/monoscript/fileName/Misc.cs: fa31ca3dc15e4fa432a0e5618694430f -> 7ed2e50827551a4e78c69f183dffa2c9
  custom:scripting/monoscript/fileName/DummyClient.cs: 04e5821b8a6ba8e885f77791d8d2af9b -> 
  custom:scripting/monoscript/fileName/AndroidTaskUtils.cs: c83b5c78c597c9ce5be057130723296f -> 
  custom:CustomObjectIndexerAttribute: 756ad292c208cfabdd7b50bc23989ffe -> 
  custom:scripting/monoscript/fileName/AndroidJavaConverter.cs: b8e9bb5a63e8c4bae7dadb272508c9c9 -> 
  custom:scripting/monoscript/fileName/NearbyHelperObject.cs: 872529d557da4f153bf7fb3cde123e4d -> 
  custom:scripting/monoscript/fileName/AndroidHelperFragment.cs: 4edaedc8e611f3e7ebec226c5c8c57c5 -> 
  custom:container-demuxer-webm: 4f35f7cbe854078d1ac9338744f61a02 -> 
  custom:scripting/monoscript/fileName/PlayGamesPlatform.cs: b4ce3ec0a7794e814841053b200e7515 -> 
  custom:scripting/monoscript/fileName/AndroidBanner.cs: 282e9473b9351b3ad8cc7993d8b7cc25 -> 
  custom:scripting/monoscript/fileName/LeaderboardScoreData.cs: f59d096850c030884020496f27773daa -> 
  custom:scripting/monoscript/fileName/AndroidPlatform.cs: ec502a76f2de8159fa482f5b711d49f3 -> 
  custom:scripting/monoscript/fileName/GPGSUtil.cs: 7330c98adf6c7654b4fb89d325ddc8d1 -> 
  custom:scripting/monoscript/fileName/Player.cs: 2bd5703edbb5ac844718c8192ef92c97 -> 
  custom:scripting/monoscript/fileName/Event.cs: 497ab23e85fab6c34d84e9904a7d6466 -> cb070e1fa428d6874e278104534888fa
  custom:scripting/monoscript/fileName/PlatformUtils.cs: 4ef649a4a831698afc8297112125dacc -> 
  custom:scripting/monoscript/fileName/INearbyConnectionClient.cs: 7d4f3e6798f3e87dd02d58e8c264b9e1 -> 
  custom:audio-encoder-webm-vorbis: bf7c407c2cedff20999df2af8eb42d56 -> 
  custom:scripting/monoscript/fileName/ConnectionRequest.cs: e7ce8cecf54cbf7fc7a2464df96d98d5 -> 
  custom:scripting/monoscript/fileName/AndroidNearbyConnectionClient.cs: 02d91864ac894b082850b88b9197fdf3 -> 
  custom:scripting/monoscript/fileName/PlayGamesLocalUser.cs: a4d3bf4cdde55e5790eb94529097d5e8 -> 
  custom:scripting/monoscript/fileName/PlayGamesClientFactory.cs: 9824bf9b8cae92ddd6a5ea2f9e8fac87 -> 
  custom:scripting/monoscript/fileName/SavedGameMetadataUpdate.cs: 3b852f137ba4677178aff6bddf2edc07 -> 
  custom:scripting/monoscript/fileName/NearbyConnectionUI.cs: 9d9e0378f5d86be1d9f6cfb8bddd7a7d -> 
  custom:scripting/monoscript/fileName/NearbyConnectionClientFactory.cs: 3dbb7656de86c2d84f59fc67a8a308ee -> 
  custom:scripting/monoscript/fileName/GPGSProjectSettings.cs: 2dff5c77ac9689a24ff864a915073474 -> 
  custom:scripting/monoscript/fileName/AndroidSavedGameClient.cs: ccc4b9e88ed9a12c0060ba07ae7f2503 -> 
  custom:scripting/monoscript/fileName/GameInfo.cs: 3fc98cad7d219a3d5ba181f6d5fedfbd -> 
  custom:scripting/monoscript/fileName/IPlayGamesClient.cs: 9dfb94d63c1b3dc426074055863f2ba6 -> 
  custom:container-muxer-webm: aa71ff27fc2769a1b78a27578f13a17b -> 
  custom:scripting/monoscript/fileName/AndroidEventsClient.cs: a683f80269eb031b531d6fecc8c8df66 -> 
  custom:scripting/monoscript/fileName/ISavedGameClient.cs: a56d38bd0266524761809fe983e94fe0 -> 
  custom:scripting/monoscript/fileName/PlayerStats.cs: 1718029faa191fe7663bc7c355d8ac57 -> 
  custom:scripting/monoscript/fileName/PlayGamesScore.cs: 1f1259b068cd28f0bad2da11bbdf59ff -> 
========================================================================
Received Import Request.
  Time since last request: 556.715202 seconds.
  path: Assets/Scenes/SelecionarFases.unity
  artifactKey: Guid(7229bf5b7540a9e43b1ecb1ecef466fb) Importer(815301076,1909f56bfc062723c751e8b465ee728b)
Start importing Assets/Scenes/SelecionarFases.unity using Guid(7229bf5b7540a9e43b1ecb1ecef466fb) Importer(815301076,1909f56bfc062723c751e8b465ee728b)  -> (artifact id: 'cc07d44324807fd7aaad4008a7499a48') in 0.005096 seconds
Number of updated asset objects reloaded before import = 0
Number of asset objects unloaded after import = 0
========================================================================
Received Prepare
Begin MonoManager ReloadAssembly
Symbol file LoadedFromMemory is not a mono symbol file
- Loaded All Assemblies, in  0.498 seconds
Refreshing native plugins compatible for Editor in 4.14 ms, found 2 plugins.
Native extension for WindowsStandalone target not found
Native extension for Android target not found
Native extension for WebGL target not found
[Package Manager] Server::EnsureServerProcessIsRunning -- launch failed, reason: Unity was launched with the -noUpm command-line argument
[Package Manager] UpmClient::Send -- Unable to send message (not connected to UPM process).
[Package Manager] Cannot connect to Unity Package Manager local server
Mono: successfully reloaded assembly
- Finished resetting the current domain, in  0.694 seconds
Domain Reload Profiling: 1192ms
	BeginReloadAssembly (247ms)
		ExecutionOrderSort (0ms)
		DisableScriptedObjects (5ms)
		BackupInstance (0ms)
		ReleaseScriptingObjects (0ms)
		CreateAndSetChildDomain (35ms)
	RebuildCommonClasses (22ms)
	RebuildNativeTypeToScriptingClass (8ms)
	initialDomainReloadingComplete (20ms)
	LoadAllAssembliesAndSetupDomain (199ms)
		LoadAssemblies (257ms)
		RebuildTransferFunctionScriptingTraits (0ms)
		AnalyzeDomain (8ms)
			TypeCache.Refresh (4ms)
				TypeCache.ScanAssembly (0ms)
			ScanForSourceGeneratedMonoScriptInfo (0ms)
			ResolveRequiredComponents (2ms)
	FinalizeReload (695ms)
		ReleaseScriptCaches (0ms)
		RebuildScriptCaches (0ms)
		SetupLoadedEditorAssemblies (393ms)
			LogAssemblyErrors (0ms)
			InitializePlatformSupportModulesInManaged (21ms)
			SetLoadedEditorAssemblies (3ms)
			RefreshPlugins (0ms)
			BeforeProcessingInitializeOnLoad (46ms)
			ProcessInitializeOnLoadAttributes (202ms)
			ProcessInitializeOnLoadMethodAttributes (116ms)
			AfterProcessingInitializeOnLoad (4ms)
			EditorAssembliesLoaded (0ms)
		ExecutionOrderSort2 (0ms)
		AwakeInstancesAfterBackupRestoration (6ms)
Refreshing native plugins compatible for Editor in 5.34 ms, found 2 plugins.
Preloading 0 native plugins for Editor in 0.00 ms.
Unloading 2524 Unused Serialized files (Serialized files now loaded: 0)
Unloading 52 unused Assets / (43.0 KB). Loaded Objects now: 2996.
Memory consumption went from 118.0 MB to 117.9 MB.
Total: 5.221200 ms (FindLiveObjects: 0.218500 ms CreateObjectMapping: 0.071000 ms MarkObjects: 4.866000 ms  DeleteObjects: 0.064000 ms)

Prepare: number of updated asset objects reloaded= 0
AssetImportParameters requested are different than current active one (requested -> active):
  custom:scripting/monoscript/fileName/IEvent.cs: f7cce7f4860a47a518cf90c64abd05c7 -> c25d501578d8ebe48d7b30415b0df4c5
  custom:scripting/monoscript/fileName/ScorePageToken.cs: 97173f03f5402e8fd535ed0c6891b163 -> 
  custom:video-decoder-webm-vp8: 9c59270c3fd7afecdb556c50c9e8de78 -> 
  custom:scripting/monoscript/fileName/ISavedGameMetadata.cs: 728770efd5b05ff682d05fda45546aee -> 
  custom:scripting/monoscript/fileName/IEventsClient.cs: 0067272868cc259d3fe6a1283ca7833d -> 
  custom:scripting/monoscript/fileName/PlayGamesAchievement.cs: 530d737b7e14c8d591d01c919e2466ec -> 
  custom:SearchIndexIgnoredProperties: e643bd26f0fe6173181afceb89e7c659 -> 
  custom:scripting/monoscript/fileName/Logger.cs: 20d4e87dbd52c9484f869740e229899c -> 
  custom:container-demuxer-ogg: 62fdf1f143b41e24485cea50d1cbac27 -> 
  custom:AudioImporter_EditorPlatform: d09bf68614088b80899f8185d706f6e7 -> 
  custom:scripting/monoscript/fileName/Achievement.cs: 978186372928681247250c5b1f6682b7 -> 
  custom:scripting/monoscript/fileName/AndroidUtils.cs: f14de4686b589a012e48daae776f3163 -> 
  custom:scripting/monoscript/fileName/PlayerProfile.cs: 52f1ac5d6c73270449ae0c0605067bc7 -> 
  custom:scripting/monoscript/fileName/NearbyConnectionConfiguration.cs: 326413c805ad744958644a24b29818ec -> 
  custom:video-codec-MediaFoundation-h265: 746d11721c4dcdbdad8f713fa42b33f4 -> 
  custom:scripting/monoscript/fileName/GPGSStrings.cs: eba6129179ee3282f161b43ccc53413d -> 
  custom:scripting/monoscript/fileName/AdvertisingResult.cs: 69884f0f6782aedcee2af79ea710fa1f -> 
  custom:scripting/monoscript/fileName/AndroidClient.cs: cf1f9d6a0f19529142e5991cd3649efc -> 
  custom:scripting/monoscript/fileName/GPGSUpgrader.cs: 0e924e1ca8e04d585123d9b1b9c2359b -> 
  custom:video-decoder-ogg-theora: a1e56fd34408186e4bbccfd4996cb3dc -> 
  custom:scripting/monoscript/fileName/AndroidSnapshotMetadata.cs: 02a8c4360571e306e5e45fb8894437b4 -> 
  custom:scripting/monoscript/fileName/GPGSDocsUI.cs: e5b9b64fe2750512900156e5d06aebb1 -> 
  custom:scripting/monoscript/fileName/PluginVersion.cs: a43a3090eee8f0a6db908c121f864835 -> 
  custom:scripting/monoscript/fileName/CommonTypes.cs: edae8cd818c8c15537b56f54662aef97 -> 
  custom:scripting/monoscript/fileName/PlayGamesHelperObject.cs: 40af6cb273ee23946d0a287a84e6ac45 -> 
  custom:framework-win-MediaFoundation: 216162199b28c13a410421893ffa2e32 -> 
  custom:scripting/monoscript/fileName/ConnectionResponse.cs: 78e930d5f6ddbcb87c9bb04054feb4f4 -> 
  custom:scripting/monoscript/fileName/PlayGamesLeaderboard.cs: e57e68a96d9bf0c4733affa0a7e2a583 -> 
  custom:scripting/monoscript/fileName/PlayGamesUserProfile.cs: b6bc85dc41f283b82bbd58567d32987e -> 
  custom:scripting/monoscript/fileName/GPGSPostBuild.cs: 2b24793b5237f406b18671714e81a38c -> 
  custom:scripting/monoscript/fileName/DummyNearbyConnectionClient.cs: 19b8cfddc734c61632ac5cfffcaf3fda -> 
  custom:scripting/monoscript/fileName/GPGSAndroidSetupUI.cs: 8b1d9f360da062eb1282113b1aa93088 -> 
  custom:video-encoder-webm-vp8: eb34c28f22e8b96e1ab97ce403110664 -> 
  custom:scripting/monoscript/fileName/EndpointDetails.cs: 2fe8581a8de1314bb31cd0e3f0db82c7 -> 
  custom:audio-decoder-ogg-vorbis: bf7c407c2cedff20999df2af8eb42d56 -> 
  custom:scripting/monoscript/fileName/Misc.cs: fa31ca3dc15e4fa432a0e5618694430f -> 7ed2e50827551a4e78c69f183dffa2c9
  custom:scripting/monoscript/fileName/DummyClient.cs: 04e5821b8a6ba8e885f77791d8d2af9b -> 
  custom:scripting/monoscript/fileName/AndroidTaskUtils.cs: c83b5c78c597c9ce5be057130723296f -> 
  custom:CustomObjectIndexerAttribute: 756ad292c208cfabdd7b50bc23989ffe -> 
  custom:scripting/monoscript/fileName/AndroidJavaConverter.cs: b8e9bb5a63e8c4bae7dadb272508c9c9 -> 
  custom:scripting/monoscript/fileName/NearbyHelperObject.cs: 872529d557da4f153bf7fb3cde123e4d -> 
  custom:scripting/monoscript/fileName/AndroidHelperFragment.cs: 4edaedc8e611f3e7ebec226c5c8c57c5 -> 
  custom:container-demuxer-webm: 4f35f7cbe854078d1ac9338744f61a02 -> 
  custom:scripting/monoscript/fileName/PlayGamesPlatform.cs: b4ce3ec0a7794e814841053b200e7515 -> 
  custom:scripting/monoscript/fileName/AndroidBanner.cs: 282e9473b9351b3ad8cc7993d8b7cc25 -> 
  custom:scripting/monoscript/fileName/LeaderboardScoreData.cs: f59d096850c030884020496f27773daa -> 
  custom:scripting/monoscript/fileName/AndroidPlatform.cs: ec502a76f2de8159fa482f5b711d49f3 -> 
  custom:scripting/monoscript/fileName/GPGSUtil.cs: 7330c98adf6c7654b4fb89d325ddc8d1 -> 
  custom:scripting/monoscript/fileName/Player.cs: 2bd5703edbb5ac844718c8192ef92c97 -> 
  custom:scripting/monoscript/fileName/Event.cs: 497ab23e85fab6c34d84e9904a7d6466 -> cb070e1fa428d6874e278104534888fa
  custom:scripting/monoscript/fileName/PlatformUtils.cs: 4ef649a4a831698afc8297112125dacc -> 
  custom:scripting/monoscript/fileName/INearbyConnectionClient.cs: 7d4f3e6798f3e87dd02d58e8c264b9e1 -> 
  custom:audio-encoder-webm-vorbis: bf7c407c2cedff20999df2af8eb42d56 -> 
  custom:scripting/monoscript/fileName/ConnectionRequest.cs: e7ce8cecf54cbf7fc7a2464df96d98d5 -> 
  custom:scripting/monoscript/fileName/AndroidNearbyConnectionClient.cs: 02d91864ac894b082850b88b9197fdf3 -> 
  custom:scripting/monoscript/fileName/PlayGamesLocalUser.cs: a4d3bf4cdde55e5790eb94529097d5e8 -> 
  custom:scripting/monoscript/fileName/PlayGamesClientFactory.cs: 9824bf9b8cae92ddd6a5ea2f9e8fac87 -> 
  custom:scripting/monoscript/fileName/SavedGameMetadataUpdate.cs: 3b852f137ba4677178aff6bddf2edc07 -> 
  custom:scripting/monoscript/fileName/NearbyConnectionUI.cs: 9d9e0378f5d86be1d9f6cfb8bddd7a7d -> 
  custom:scripting/monoscript/fileName/NearbyConnectionClientFactory.cs: 3dbb7656de86c2d84f59fc67a8a308ee -> 
  custom:scripting/monoscript/fileName/GPGSProjectSettings.cs: 2dff5c77ac9689a24ff864a915073474 -> 
  custom:scripting/monoscript/fileName/AndroidSavedGameClient.cs: ccc4b9e88ed9a12c0060ba07ae7f2503 -> 
  custom:scripting/monoscript/fileName/GameInfo.cs: 3fc98cad7d219a3d5ba181f6d5fedfbd -> 
  custom:scripting/monoscript/fileName/IPlayGamesClient.cs: 9dfb94d63c1b3dc426074055863f2ba6 -> 
  custom:container-muxer-webm: aa71ff27fc2769a1b78a27578f13a17b -> 
  custom:scripting/monoscript/fileName/AndroidEventsClient.cs: a683f80269eb031b531d6fecc8c8df66 -> 
  custom:scripting/monoscript/fileName/ISavedGameClient.cs: a56d38bd0266524761809fe983e94fe0 -> 
  custom:scripting/monoscript/fileName/PlayerStats.cs: 1718029faa191fe7663bc7c355d8ac57 -> 
  custom:scripting/monoscript/fileName/PlayGamesScore.cs: 1f1259b068cd28f0bad2da11bbdf59ff -> 
========================================================================
Received Prepare
Begin MonoManager ReloadAssembly
Symbol file LoadedFromMemory is not a mono symbol file
- Loaded All Assemblies, in  0.523 seconds
Refreshing native plugins compatible for Editor in 4.49 ms, found 2 plugins.
Native extension for WindowsStandalone target not found
Native extension for Android target not found
Native extension for WebGL target not found
[Package Manager] Server::EnsureServerProcessIsRunning -- launch failed, reason: Unity was launched with the -noUpm command-line argument
[Package Manager] UpmClient::Send -- Unable to send message (not connected to UPM process).
[Package Manager] Cannot connect to Unity Package Manager local server
Mono: successfully reloaded assembly
- Finished resetting the current domain, in  0.672 seconds
Domain Reload Profiling: 1194ms
	BeginReloadAssembly (266ms)
		ExecutionOrderSort (0ms)
		DisableScriptedObjects (6ms)
		BackupInstance (0ms)
		ReleaseScriptingObjects (0ms)
		CreateAndSetChildDomain (31ms)
	RebuildCommonClasses (22ms)
	RebuildNativeTypeToScriptingClass (8ms)
	initialDomainReloadingComplete (19ms)
	LoadAllAssembliesAndSetupDomain (206ms)
		LoadAssemblies (295ms)
		RebuildTransferFunctionScriptingTraits (0ms)
		AnalyzeDomain (10ms)
			TypeCache.Refresh (5ms)
				TypeCache.ScanAssembly (0ms)
			ScanForSourceGeneratedMonoScriptInfo (0ms)
			ResolveRequiredComponents (4ms)
	FinalizeReload (673ms)
		ReleaseScriptCaches (0ms)
		RebuildScriptCaches (0ms)
		SetupLoadedEditorAssemblies (392ms)
			LogAssemblyErrors (0ms)
			InitializePlatformSupportModulesInManaged (19ms)
			SetLoadedEditorAssemblies (4ms)
			RefreshPlugins (0ms)
			BeforeProcessingInitializeOnLoad (46ms)
			ProcessInitializeOnLoadAttributes (206ms)
			ProcessInitializeOnLoadMethodAttributes (113ms)
			AfterProcessingInitializeOnLoad (4ms)
			EditorAssembliesLoaded (0ms)
		ExecutionOrderSort2 (0ms)
		AwakeInstancesAfterBackupRestoration (6ms)
Refreshing native plugins compatible for Editor in 4.34 ms, found 2 plugins.
Preloading 0 native plugins for Editor in 0.00 ms.
Unloading 2525 Unused Serialized files (Serialized files now loaded: 0)
Unloading 52 unused Assets / (43.0 KB). Loaded Objects now: 2999.
Memory consumption went from 120.2 MB to 120.1 MB.
Total: 5.302000 ms (FindLiveObjects: 0.242000 ms CreateObjectMapping: 0.118600 ms MarkObjects: 4.873200 ms  DeleteObjects: 0.066900 ms)

Prepare: number of updated asset objects reloaded= 0
AssetImportParameters requested are different than current active one (requested -> active):
  custom:scripting/monoscript/fileName/IEvent.cs: f7cce7f4860a47a518cf90c64abd05c7 -> c25d501578d8ebe48d7b30415b0df4c5
  custom:scripting/monoscript/fileName/ScorePageToken.cs: 97173f03f5402e8fd535ed0c6891b163 -> 
  custom:video-decoder-webm-vp8: 9c59270c3fd7afecdb556c50c9e8de78 -> 
  custom:scripting/monoscript/fileName/ISavedGameMetadata.cs: 728770efd5b05ff682d05fda45546aee -> 
  custom:scripting/monoscript/fileName/IEventsClient.cs: 0067272868cc259d3fe6a1283ca7833d -> 
  custom:scripting/monoscript/fileName/PlayGamesAchievement.cs: 530d737b7e14c8d591d01c919e2466ec -> 
  custom:SearchIndexIgnoredProperties: e643bd26f0fe6173181afceb89e7c659 -> 
  custom:scripting/monoscript/fileName/Logger.cs: 20d4e87dbd52c9484f869740e229899c -> 
  custom:container-demuxer-ogg: 62fdf1f143b41e24485cea50d1cbac27 -> 
  custom:AudioImporter_EditorPlatform: d09bf68614088b80899f8185d706f6e7 -> 
  custom:scripting/monoscript/fileName/Achievement.cs: 978186372928681247250c5b1f6682b7 -> 
  custom:scripting/monoscript/fileName/AndroidUtils.cs: f14de4686b589a012e48daae776f3163 -> 
  custom:scripting/monoscript/fileName/PlayerProfile.cs: 52f1ac5d6c73270449ae0c0605067bc7 -> 
  custom:scripting/monoscript/fileName/NearbyConnectionConfiguration.cs: 326413c805ad744958644a24b29818ec -> 
  custom:video-codec-MediaFoundation-h265: 746d11721c4dcdbdad8f713fa42b33f4 -> 
  custom:scripting/monoscript/fileName/GPGSStrings.cs: eba6129179ee3282f161b43ccc53413d -> 
  custom:scripting/monoscript/fileName/AdvertisingResult.cs: 69884f0f6782aedcee2af79ea710fa1f -> 
  custom:scripting/monoscript/fileName/AndroidClient.cs: cf1f9d6a0f19529142e5991cd3649efc -> 
  custom:scripting/monoscript/fileName/GPGSUpgrader.cs: 0e924e1ca8e04d585123d9b1b9c2359b -> 
  custom:video-decoder-ogg-theora: a1e56fd34408186e4bbccfd4996cb3dc -> 
  custom:scripting/monoscript/fileName/AndroidSnapshotMetadata.cs: 02a8c4360571e306e5e45fb8894437b4 -> 
  custom:scripting/monoscript/fileName/GPGSDocsUI.cs: e5b9b64fe2750512900156e5d06aebb1 -> 
  custom:scripting/monoscript/fileName/PluginVersion.cs: a43a3090eee8f0a6db908c121f864835 -> 
  custom:scripting/monoscript/fileName/CommonTypes.cs: edae8cd818c8c15537b56f54662aef97 -> 
  custom:scripting/monoscript/fileName/PlayGamesHelperObject.cs: 40af6cb273ee23946d0a287a84e6ac45 -> 
  custom:framework-win-MediaFoundation: 216162199b28c13a410421893ffa2e32 -> 
  custom:scripting/monoscript/fileName/ConnectionResponse.cs: 78e930d5f6ddbcb87c9bb04054feb4f4 -> 
  custom:scripting/monoscript/fileName/PlayGamesLeaderboard.cs: e57e68a96d9bf0c4733affa0a7e2a583 -> 
  custom:scripting/monoscript/fileName/PlayGamesUserProfile.cs: b6bc85dc41f283b82bbd58567d32987e -> 
  custom:scripting/monoscript/fileName/GPGSPostBuild.cs: 2b24793b5237f406b18671714e81a38c -> 
  custom:scripting/monoscript/fileName/DummyNearbyConnectionClient.cs: 19b8cfddc734c61632ac5cfffcaf3fda -> 
  custom:scripting/monoscript/fileName/GPGSAndroidSetupUI.cs: 8b1d9f360da062eb1282113b1aa93088 -> 
  custom:video-encoder-webm-vp8: eb34c28f22e8b96e1ab97ce403110664 -> 
  custom:scripting/monoscript/fileName/EndpointDetails.cs: 2fe8581a8de1314bb31cd0e3f0db82c7 -> 
  custom:audio-decoder-ogg-vorbis: bf7c407c2cedff20999df2af8eb42d56 -> 
  custom:scripting/monoscript/fileName/Misc.cs: fa31ca3dc15e4fa432a0e5618694430f -> 7ed2e50827551a4e78c69f183dffa2c9
  custom:scripting/monoscript/fileName/DummyClient.cs: 04e5821b8a6ba8e885f77791d8d2af9b -> 
  custom:scripting/monoscript/fileName/AndroidTaskUtils.cs: c83b5c78c597c9ce5be057130723296f -> 
  custom:CustomObjectIndexerAttribute: 756ad292c208cfabdd7b50bc23989ffe -> 
  custom:scripting/monoscript/fileName/AndroidJavaConverter.cs: b8e9bb5a63e8c4bae7dadb272508c9c9 -> 
  custom:scripting/monoscript/fileName/NearbyHelperObject.cs: 872529d557da4f153bf7fb3cde123e4d -> 
  custom:scripting/monoscript/fileName/AndroidHelperFragment.cs: 4edaedc8e611f3e7ebec226c5c8c57c5 -> 
  custom:container-demuxer-webm: 4f35f7cbe854078d1ac9338744f61a02 -> 
  custom:scripting/monoscript/fileName/PlayGamesPlatform.cs: b4ce3ec0a7794e814841053b200e7515 -> 
  custom:scripting/monoscript/fileName/AndroidBanner.cs: 282e9473b9351b3ad8cc7993d8b7cc25 -> 
  custom:scripting/monoscript/fileName/LeaderboardScoreData.cs: f59d096850c030884020496f27773daa -> 
  custom:scripting/monoscript/fileName/AndroidPlatform.cs: ec502a76f2de8159fa482f5b711d49f3 -> 
  custom:scripting/monoscript/fileName/GPGSUtil.cs: 7330c98adf6c7654b4fb89d325ddc8d1 -> 
  custom:scripting/monoscript/fileName/Player.cs: 2bd5703edbb5ac844718c8192ef92c97 -> 
  custom:scripting/monoscript/fileName/Event.cs: 497ab23e85fab6c34d84e9904a7d6466 -> cb070e1fa428d6874e278104534888fa
  custom:scripting/monoscript/fileName/PlatformUtils.cs: 4ef649a4a831698afc8297112125dacc -> 
  custom:scripting/monoscript/fileName/INearbyConnectionClient.cs: 7d4f3e6798f3e87dd02d58e8c264b9e1 -> 
  custom:audio-encoder-webm-vorbis: bf7c407c2cedff20999df2af8eb42d56 -> 
  custom:scripting/monoscript/fileName/ConnectionRequest.cs: e7ce8cecf54cbf7fc7a2464df96d98d5 -> 
  custom:scripting/monoscript/fileName/AndroidNearbyConnectionClient.cs: 02d91864ac894b082850b88b9197fdf3 -> 
  custom:scripting/monoscript/fileName/PlayGamesLocalUser.cs: a4d3bf4cdde55e5790eb94529097d5e8 -> 
  custom:scripting/monoscript/fileName/PlayGamesClientFactory.cs: 9824bf9b8cae92ddd6a5ea2f9e8fac87 -> 
  custom:scripting/monoscript/fileName/SavedGameMetadataUpdate.cs: 3b852f137ba4677178aff6bddf2edc07 -> 
  custom:scripting/monoscript/fileName/NearbyConnectionUI.cs: 9d9e0378f5d86be1d9f6cfb8bddd7a7d -> 
  custom:scripting/monoscript/fileName/NearbyConnectionClientFactory.cs: 3dbb7656de86c2d84f59fc67a8a308ee -> 
  custom:scripting/monoscript/fileName/GPGSProjectSettings.cs: 2dff5c77ac9689a24ff864a915073474 -> 
  custom:scripting/monoscript/fileName/AndroidSavedGameClient.cs: ccc4b9e88ed9a12c0060ba07ae7f2503 -> 
  custom:scripting/monoscript/fileName/GameInfo.cs: 3fc98cad7d219a3d5ba181f6d5fedfbd -> 
  custom:scripting/monoscript/fileName/IPlayGamesClient.cs: 9dfb94d63c1b3dc426074055863f2ba6 -> 
  custom:container-muxer-webm: aa71ff27fc2769a1b78a27578f13a17b -> 
  custom:scripting/monoscript/fileName/AndroidEventsClient.cs: a683f80269eb031b531d6fecc8c8df66 -> 
  custom:scripting/monoscript/fileName/ISavedGameClient.cs: a56d38bd0266524761809fe983e94fe0 -> 
  custom:scripting/monoscript/fileName/PlayerStats.cs: 1718029faa191fe7663bc7c355d8ac57 -> 
  custom:scripting/monoscript/fileName/PlayGamesScore.cs: 1f1259b068cd28f0bad2da11bbdf59ff -> 
========================================================================
Received Prepare
Begin MonoManager ReloadAssembly
Symbol file LoadedFromMemory is not a mono symbol file
- Loaded All Assemblies, in  0.608 seconds
Refreshing native plugins compatible for Editor in 7.05 ms, found 2 plugins.
Native extension for WindowsStandalone target not found
Native extension for Android target not found
Native extension for WebGL target not found
[Package Manager] Server::EnsureServerProcessIsRunning -- launch failed, reason: Unity was launched with the -noUpm command-line argument
[Package Manager] UpmClient::Send -- Unable to send message (not connected to UPM process).
[Package Manager] Cannot connect to Unity Package Manager local server
Mono: successfully reloaded assembly
- Finished resetting the current domain, in  0.691 seconds
Domain Reload Profiling: 1297ms
	BeginReloadAssembly (314ms)
		ExecutionOrderSort (0ms)
		DisableScriptedObjects (12ms)
		BackupInstance (0ms)
		ReleaseScriptingObjects (0ms)
		CreateAndSetChildDomain (37ms)
	RebuildCommonClasses (28ms)
	RebuildNativeTypeToScriptingClass (9ms)
	initialDomainReloadingComplete (25ms)
	LoadAllAssembliesAndSetupDomain (230ms)
		LoadAssemblies (298ms)
		RebuildTransferFunctionScriptingTraits (0ms)
		AnalyzeDomain (11ms)
			TypeCache.Refresh (6ms)
				TypeCache.ScanAssembly (0ms)
			ScanForSourceGeneratedMonoScriptInfo (0ms)
			ResolveRequiredComponents (4ms)
	FinalizeReload (691ms)
		ReleaseScriptCaches (0ms)
		RebuildScriptCaches (0ms)
		SetupLoadedEditorAssemblies (388ms)
			LogAssemblyErrors (0ms)
			InitializePlatformSupportModulesInManaged (27ms)
			SetLoadedEditorAssemblies (4ms)
			RefreshPlugins (0ms)
			BeforeProcessingInitializeOnLoad (46ms)
			ProcessInitializeOnLoadAttributes (199ms)
			ProcessInitializeOnLoadMethodAttributes (109ms)
			AfterProcessingInitializeOnLoad (3ms)
			EditorAssembliesLoaded (0ms)
		ExecutionOrderSort2 (0ms)
		AwakeInstancesAfterBackupRestoration (5ms)
Refreshing native plugins compatible for Editor in 3.96 ms, found 2 plugins.
Preloading 0 native plugins for Editor in 0.00 ms.
Unloading 2525 Unused Serialized files (Serialized files now loaded: 0)
Unloading 52 unused Assets / (43.0 KB). Loaded Objects now: 3002.
Memory consumption went from 122.1 MB to 122.1 MB.
Total: 5.286400 ms (FindLiveObjects: 0.187800 ms CreateObjectMapping: 0.070500 ms MarkObjects: 4.964000 ms  DeleteObjects: 0.062200 ms)

Prepare: number of updated asset objects reloaded= 0
AssetImportParameters requested are different than current active one (requested -> active):
  custom:scripting/monoscript/fileName/IEvent.cs: f7cce7f4860a47a518cf90c64abd05c7 -> c25d501578d8ebe48d7b30415b0df4c5
  custom:scripting/monoscript/fileName/ScorePageToken.cs: 97173f03f5402e8fd535ed0c6891b163 -> 
  custom:video-decoder-webm-vp8: 9c59270c3fd7afecdb556c50c9e8de78 -> 
  custom:scripting/monoscript/fileName/ISavedGameMetadata.cs: 728770efd5b05ff682d05fda45546aee -> 
  custom:scripting/monoscript/fileName/IEventsClient.cs: 0067272868cc259d3fe6a1283ca7833d -> 
  custom:scripting/monoscript/fileName/PlayGamesAchievement.cs: 530d737b7e14c8d591d01c919e2466ec -> 
  custom:SearchIndexIgnoredProperties: e643bd26f0fe6173181afceb89e7c659 -> 
  custom:scripting/monoscript/fileName/Logger.cs: 20d4e87dbd52c9484f869740e229899c -> 
  custom:container-demuxer-ogg: 62fdf1f143b41e24485cea50d1cbac27 -> 
  custom:AudioImporter_EditorPlatform: d09bf68614088b80899f8185d706f6e7 -> 
  custom:scripting/monoscript/fileName/Achievement.cs: 978186372928681247250c5b1f6682b7 -> 
  custom:scripting/monoscript/fileName/AndroidUtils.cs: f14de4686b589a012e48daae776f3163 -> 
  custom:scripting/monoscript/fileName/PlayerProfile.cs: 52f1ac5d6c73270449ae0c0605067bc7 -> 
  custom:scripting/monoscript/fileName/NearbyConnectionConfiguration.cs: 326413c805ad744958644a24b29818ec -> 
  custom:video-codec-MediaFoundation-h265: 746d11721c4dcdbdad8f713fa42b33f4 -> 
  custom:scripting/monoscript/fileName/GPGSStrings.cs: eba6129179ee3282f161b43ccc53413d -> 
  custom:scripting/monoscript/fileName/AdvertisingResult.cs: 69884f0f6782aedcee2af79ea710fa1f -> 
  custom:scripting/monoscript/fileName/AndroidClient.cs: cf1f9d6a0f19529142e5991cd3649efc -> 
  custom:scripting/monoscript/fileName/GPGSUpgrader.cs: 0e924e1ca8e04d585123d9b1b9c2359b -> 
  custom:video-decoder-ogg-theora: a1e56fd34408186e4bbccfd4996cb3dc -> 
  custom:scripting/monoscript/fileName/AndroidSnapshotMetadata.cs: 02a8c4360571e306e5e45fb8894437b4 -> 
  custom:scripting/monoscript/fileName/GPGSDocsUI.cs: e5b9b64fe2750512900156e5d06aebb1 -> 
  custom:scripting/monoscript/fileName/PluginVersion.cs: a43a3090eee8f0a6db908c121f864835 -> 
  custom:scripting/monoscript/fileName/CommonTypes.cs: edae8cd818c8c15537b56f54662aef97 -> 
  custom:scripting/monoscript/fileName/PlayGamesHelperObject.cs: 40af6cb273ee23946d0a287a84e6ac45 -> 
  custom:framework-win-MediaFoundation: 216162199b28c13a410421893ffa2e32 -> 
  custom:scripting/monoscript/fileName/ConnectionResponse.cs: 78e930d5f6ddbcb87c9bb04054feb4f4 -> 
  custom:scripting/monoscript/fileName/PlayGamesLeaderboard.cs: e57e68a96d9bf0c4733affa0a7e2a583 -> 
  custom:scripting/monoscript/fileName/PlayGamesUserProfile.cs: b6bc85dc41f283b82bbd58567d32987e -> 
  custom:scripting/monoscript/fileName/GPGSPostBuild.cs: 2b24793b5237f406b18671714e81a38c -> 
  custom:scripting/monoscript/fileName/DummyNearbyConnectionClient.cs: 19b8cfddc734c61632ac5cfffcaf3fda -> 
  custom:scripting/monoscript/fileName/GPGSAndroidSetupUI.cs: 8b1d9f360da062eb1282113b1aa93088 -> 
  custom:video-encoder-webm-vp8: eb34c28f22e8b96e1ab97ce403110664 -> 
  custom:scripting/monoscript/fileName/EndpointDetails.cs: 2fe8581a8de1314bb31cd0e3f0db82c7 -> 
  custom:audio-decoder-ogg-vorbis: bf7c407c2cedff20999df2af8eb42d56 -> 
  custom:scripting/monoscript/fileName/Misc.cs: fa31ca3dc15e4fa432a0e5618694430f -> 7ed2e50827551a4e78c69f183dffa2c9
  custom:scripting/monoscript/fileName/DummyClient.cs: 04e5821b8a6ba8e885f77791d8d2af9b -> 
  custom:scripting/monoscript/fileName/AndroidTaskUtils.cs: c83b5c78c597c9ce5be057130723296f -> 
  custom:CustomObjectIndexerAttribute: 756ad292c208cfabdd7b50bc23989ffe -> 
  custom:scripting/monoscript/fileName/AndroidJavaConverter.cs: b8e9bb5a63e8c4bae7dadb272508c9c9 -> 
  custom:scripting/monoscript/fileName/NearbyHelperObject.cs: 872529d557da4f153bf7fb3cde123e4d -> 
  custom:scripting/monoscript/fileName/AndroidHelperFragment.cs: 4edaedc8e611f3e7ebec226c5c8c57c5 -> 
  custom:container-demuxer-webm: 4f35f7cbe854078d1ac9338744f61a02 -> 
  custom:scripting/monoscript/fileName/PlayGamesPlatform.cs: b4ce3ec0a7794e814841053b200e7515 -> 
  custom:scripting/monoscript/fileName/AndroidBanner.cs: 282e9473b9351b3ad8cc7993d8b7cc25 -> 
  custom:scripting/monoscript/fileName/LeaderboardScoreData.cs: f59d096850c030884020496f27773daa -> 
  custom:scripting/monoscript/fileName/AndroidPlatform.cs: ec502a76f2de8159fa482f5b711d49f3 -> 
  custom:scripting/monoscript/fileName/GPGSUtil.cs: 7330c98adf6c7654b4fb89d325ddc8d1 -> 
  custom:scripting/monoscript/fileName/Player.cs: 2bd5703edbb5ac844718c8192ef92c97 -> 
  custom:scripting/monoscript/fileName/Event.cs: 497ab23e85fab6c34d84e9904a7d6466 -> cb070e1fa428d6874e278104534888fa
  custom:scripting/monoscript/fileName/PlatformUtils.cs: 4ef649a4a831698afc8297112125dacc -> 
  custom:scripting/monoscript/fileName/INearbyConnectionClient.cs: 7d4f3e6798f3e87dd02d58e8c264b9e1 -> 
  custom:audio-encoder-webm-vorbis: bf7c407c2cedff20999df2af8eb42d56 -> 
  custom:scripting/monoscript/fileName/ConnectionRequest.cs: e7ce8cecf54cbf7fc7a2464df96d98d5 -> 
  custom:scripting/monoscript/fileName/AndroidNearbyConnectionClient.cs: 02d91864ac894b082850b88b9197fdf3 -> 
  custom:scripting/monoscript/fileName/PlayGamesLocalUser.cs: a4d3bf4cdde55e5790eb94529097d5e8 -> 
  custom:scripting/monoscript/fileName/PlayGamesClientFactory.cs: 9824bf9b8cae92ddd6a5ea2f9e8fac87 -> 
  custom:scripting/monoscript/fileName/SavedGameMetadataUpdate.cs: 3b852f137ba4677178aff6bddf2edc07 -> 
  custom:scripting/monoscript/fileName/NearbyConnectionUI.cs: 9d9e0378f5d86be1d9f6cfb8bddd7a7d -> 
  custom:scripting/monoscript/fileName/NearbyConnectionClientFactory.cs: 3dbb7656de86c2d84f59fc67a8a308ee -> 
  custom:scripting/monoscript/fileName/GPGSProjectSettings.cs: 2dff5c77ac9689a24ff864a915073474 -> 
  custom:scripting/monoscript/fileName/AndroidSavedGameClient.cs: ccc4b9e88ed9a12c0060ba07ae7f2503 -> 
  custom:scripting/monoscript/fileName/GameInfo.cs: 3fc98cad7d219a3d5ba181f6d5fedfbd -> 
  custom:scripting/monoscript/fileName/IPlayGamesClient.cs: 9dfb94d63c1b3dc426074055863f2ba6 -> 
  custom:container-muxer-webm: aa71ff27fc2769a1b78a27578f13a17b -> 
  custom:scripting/monoscript/fileName/AndroidEventsClient.cs: a683f80269eb031b531d6fecc8c8df66 -> 
  custom:scripting/monoscript/fileName/ISavedGameClient.cs: a56d38bd0266524761809fe983e94fe0 -> 
  custom:scripting/monoscript/fileName/PlayerStats.cs: 1718029faa191fe7663bc7c355d8ac57 -> 
  custom:scripting/monoscript/fileName/PlayGamesScore.cs: 1f1259b068cd28f0bad2da11bbdf59ff -> 
========================================================================
Received Import Request.
  Time since last request: 387.326252 seconds.
  path: Assets/Font/megaman_2.ttf
  artifactKey: Guid(a88f6f90e481dbd4eb6c74a2bf691067) Importer(815301076,1909f56bfc062723c751e8b465ee728b)
Start importing Assets/Font/megaman_2.ttf using Guid(a88f6f90e481dbd4eb6c74a2bf691067) Importer(815301076,1909f56bfc062723c751e8b465ee728b)  -> (artifact id: 'bf016424d7b5dce473eabc3bdc8a17bb') in 0.077171 seconds
Number of updated asset objects reloaded before import = 0
Number of asset objects unloaded after import = 4
========================================================================
Received Prepare
Begin MonoManager ReloadAssembly
Symbol file LoadedFromMemory is not a mono symbol file
- Loaded All Assemblies, in  0.491 seconds
Refreshing native plugins compatible for Editor in 7.31 ms, found 2 plugins.
Native extension for WindowsStandalone target not found
Native extension for Android target not found
Native extension for WebGL target not found
[Package Manager] Server::EnsureServerProcessIsRunning -- launch failed, reason: Unity was launched with the -noUpm command-line argument
[Package Manager] UpmClient::Send -- Unable to send message (not connected to UPM process).
[Package Manager] Cannot connect to Unity Package Manager local server
Mono: successfully reloaded assembly
- Finished resetting the current domain, in  0.697 seconds
Domain Reload Profiling: 1187ms
	BeginReloadAssembly (228ms)
		ExecutionOrderSort (0ms)
		DisableScriptedObjects (4ms)
		BackupInstance (0ms)
		ReleaseScriptingObjects (0ms)
		CreateAndSetChildDomain (36ms)
	RebuildCommonClasses (23ms)
	RebuildNativeTypeToScriptingClass (8ms)
	initialDomainReloadingComplete (22ms)
	LoadAllAssembliesAndSetupDomain (208ms)
		LoadAssemblies (259ms)
		RebuildTransferFunctionScriptingTraits (0ms)
		AnalyzeDomain (12ms)
			TypeCache.Refresh (7ms)
				TypeCache.ScanAssembly (0ms)
			ScanForSourceGeneratedMonoScriptInfo (0ms)
			ResolveRequiredComponents (4ms)
	FinalizeReload (697ms)
		ReleaseScriptCaches (0ms)
		RebuildScriptCaches (0ms)
		SetupLoadedEditorAssemblies (385ms)
			LogAssemblyErrors (0ms)
			InitializePlatformSupportModulesInManaged (20ms)
			SetLoadedEditorAssemblies (4ms)
			RefreshPlugins (0ms)
			BeforeProcessingInitializeOnLoad (46ms)
			ProcessInitializeOnLoadAttributes (200ms)
			ProcessInitializeOnLoadMethodAttributes (111ms)
			AfterProcessingInitializeOnLoad (4ms)
			EditorAssembliesLoaded (0ms)
		ExecutionOrderSort2 (0ms)
		AwakeInstancesAfterBackupRestoration (5ms)
Refreshing native plugins compatible for Editor in 4.53 ms, found 2 plugins.
Preloading 0 native plugins for Editor in 0.00 ms.
Unloading 2524 Unused Serialized files (Serialized files now loaded: 0)
Unloading 52 unused Assets / (43.0 KB). Loaded Objects now: 3042.
Memory consumption went from 124.1 MB to 124.1 MB.
Total: 4.982800 ms (FindLiveObjects: 0.147800 ms CreateObjectMapping: 0.057800 ms MarkObjects: 4.710400 ms  DeleteObjects: 0.065800 ms)

Prepare: number of updated asset objects reloaded= 0
AssetImportParameters requested are different than current active one (requested -> active):
  custom:scripting/monoscript/fileName/IEvent.cs: f7cce7f4860a47a518cf90c64abd05c7 -> c25d501578d8ebe48d7b30415b0df4c5
  custom:scripting/monoscript/fileName/ScorePageToken.cs: 97173f03f5402e8fd535ed0c6891b163 -> 
  custom:video-decoder-webm-vp8: 9c59270c3fd7afecdb556c50c9e8de78 -> 
  custom:scripting/monoscript/fileName/ISavedGameMetadata.cs: 728770efd5b05ff682d05fda45546aee -> 
  custom:scripting/monoscript/fileName/IEventsClient.cs: 0067272868cc259d3fe6a1283ca7833d -> 
  custom:scripting/monoscript/fileName/PlayGamesAchievement.cs: 530d737b7e14c8d591d01c919e2466ec -> 
  custom:SearchIndexIgnoredProperties: e643bd26f0fe6173181afceb89e7c659 -> 
  custom:scripting/monoscript/fileName/Logger.cs: 20d4e87dbd52c9484f869740e229899c -> 
  custom:container-demuxer-ogg: 62fdf1f143b41e24485cea50d1cbac27 -> 
  custom:AudioImporter_EditorPlatform: d09bf68614088b80899f8185d706f6e7 -> 
  custom:scripting/monoscript/fileName/Achievement.cs: 978186372928681247250c5b1f6682b7 -> 
  custom:scripting/monoscript/fileName/AndroidUtils.cs: f14de4686b589a012e48daae776f3163 -> 
  custom:scripting/monoscript/fileName/PlayerProfile.cs: 52f1ac5d6c73270449ae0c0605067bc7 -> 
  custom:scripting/monoscript/fileName/NearbyConnectionConfiguration.cs: 326413c805ad744958644a24b29818ec -> 
  custom:video-codec-MediaFoundation-h265: 746d11721c4dcdbdad8f713fa42b33f4 -> 
  custom:scripting/monoscript/fileName/GPGSStrings.cs: eba6129179ee3282f161b43ccc53413d -> 
  custom:scripting/monoscript/fileName/AdvertisingResult.cs: 69884f0f6782aedcee2af79ea710fa1f -> 
  custom:scripting/monoscript/fileName/AndroidClient.cs: cf1f9d6a0f19529142e5991cd3649efc -> 
  custom:scripting/monoscript/fileName/GPGSUpgrader.cs: 0e924e1ca8e04d585123d9b1b9c2359b -> 
  custom:video-decoder-ogg-theora: a1e56fd34408186e4bbccfd4996cb3dc -> 
  custom:scripting/monoscript/fileName/AndroidSnapshotMetadata.cs: 02a8c4360571e306e5e45fb8894437b4 -> 
  custom:scripting/monoscript/fileName/GPGSDocsUI.cs: e5b9b64fe2750512900156e5d06aebb1 -> 
  custom:scripting/monoscript/fileName/PluginVersion.cs: a43a3090eee8f0a6db908c121f864835 -> 
  custom:scripting/monoscript/fileName/CommonTypes.cs: edae8cd818c8c15537b56f54662aef97 -> 
  custom:scripting/monoscript/fileName/PlayGamesHelperObject.cs: 40af6cb273ee23946d0a287a84e6ac45 -> 
  custom:framework-win-MediaFoundation: 216162199b28c13a410421893ffa2e32 -> 
  custom:scripting/monoscript/fileName/ConnectionResponse.cs: 78e930d5f6ddbcb87c9bb04054feb4f4 -> 
  custom:scripting/monoscript/fileName/PlayGamesLeaderboard.cs: e57e68a96d9bf0c4733affa0a7e2a583 -> 
  custom:scripting/monoscript/fileName/PlayGamesUserProfile.cs: b6bc85dc41f283b82bbd58567d32987e -> 
  custom:scripting/monoscript/fileName/GPGSPostBuild.cs: 2b24793b5237f406b18671714e81a38c -> 
  custom:scripting/monoscript/fileName/DummyNearbyConnectionClient.cs: 19b8cfddc734c61632ac5cfffcaf3fda -> 
  custom:scripting/monoscript/fileName/GPGSAndroidSetupUI.cs: 8b1d9f360da062eb1282113b1aa93088 -> 
  custom:video-encoder-webm-vp8: eb34c28f22e8b96e1ab97ce403110664 -> 
  custom:scripting/monoscript/fileName/EndpointDetails.cs: 2fe8581a8de1314bb31cd0e3f0db82c7 -> 
  custom:audio-decoder-ogg-vorbis: bf7c407c2cedff20999df2af8eb42d56 -> 
  custom:scripting/monoscript/fileName/Misc.cs: fa31ca3dc15e4fa432a0e5618694430f -> 7ed2e50827551a4e78c69f183dffa2c9
  custom:scripting/monoscript/fileName/DummyClient.cs: 04e5821b8a6ba8e885f77791d8d2af9b -> 
  custom:scripting/monoscript/fileName/AndroidTaskUtils.cs: c83b5c78c597c9ce5be057130723296f -> 
  custom:CustomObjectIndexerAttribute: 756ad292c208cfabdd7b50bc23989ffe -> 
  custom:scripting/monoscript/fileName/AndroidJavaConverter.cs: b8e9bb5a63e8c4bae7dadb272508c9c9 -> 
  custom:scripting/monoscript/fileName/NearbyHelperObject.cs: 872529d557da4f153bf7fb3cde123e4d -> 
  custom:scripting/monoscript/fileName/AndroidHelperFragment.cs: 4edaedc8e611f3e7ebec226c5c8c57c5 -> 
  custom:container-demuxer-webm: 4f35f7cbe854078d1ac9338744f61a02 -> 
  custom:scripting/monoscript/fileName/PlayGamesPlatform.cs: b4ce3ec0a7794e814841053b200e7515 -> 
  custom:scripting/monoscript/fileName/AndroidBanner.cs: 282e9473b9351b3ad8cc7993d8b7cc25 -> 
  custom:scripting/monoscript/fileName/LeaderboardScoreData.cs: f59d096850c030884020496f27773daa -> 
  custom:scripting/monoscript/fileName/AndroidPlatform.cs: ec502a76f2de8159fa482f5b711d49f3 -> 
  custom:scripting/monoscript/fileName/GPGSUtil.cs: 7330c98adf6c7654b4fb89d325ddc8d1 -> 
  custom:scripting/monoscript/fileName/Player.cs: 2bd5703edbb5ac844718c8192ef92c97 -> 
  custom:scripting/monoscript/fileName/Event.cs: 497ab23e85fab6c34d84e9904a7d6466 -> cb070e1fa428d6874e278104534888fa
  custom:scripting/monoscript/fileName/PlatformUtils.cs: 4ef649a4a831698afc8297112125dacc -> 
  custom:scripting/monoscript/fileName/INearbyConnectionClient.cs: 7d4f3e6798f3e87dd02d58e8c264b9e1 -> 
  custom:audio-encoder-webm-vorbis: bf7c407c2cedff20999df2af8eb42d56 -> 
  custom:scripting/monoscript/fileName/ConnectionRequest.cs: e7ce8cecf54cbf7fc7a2464df96d98d5 -> 
  custom:scripting/monoscript/fileName/AndroidNearbyConnectionClient.cs: 02d91864ac894b082850b88b9197fdf3 -> 
  custom:scripting/monoscript/fileName/PlayGamesLocalUser.cs: a4d3bf4cdde55e5790eb94529097d5e8 -> 
  custom:scripting/monoscript/fileName/PlayGamesClientFactory.cs: 9824bf9b8cae92ddd6a5ea2f9e8fac87 -> 
  custom:scripting/monoscript/fileName/SavedGameMetadataUpdate.cs: 3b852f137ba4677178aff6bddf2edc07 -> 
  custom:scripting/monoscript/fileName/NearbyConnectionUI.cs: 9d9e0378f5d86be1d9f6cfb8bddd7a7d -> 
  custom:scripting/monoscript/fileName/NearbyConnectionClientFactory.cs: 3dbb7656de86c2d84f59fc67a8a308ee -> 
  custom:scripting/monoscript/fileName/GPGSProjectSettings.cs: 2dff5c77ac9689a24ff864a915073474 -> 
  custom:scripting/monoscript/fileName/AndroidSavedGameClient.cs: ccc4b9e88ed9a12c0060ba07ae7f2503 -> 
  custom:scripting/monoscript/fileName/GameInfo.cs: 3fc98cad7d219a3d5ba181f6d5fedfbd -> 
  custom:scripting/monoscript/fileName/IPlayGamesClient.cs: 9dfb94d63c1b3dc426074055863f2ba6 -> 
  custom:container-muxer-webm: aa71ff27fc2769a1b78a27578f13a17b -> 
  custom:scripting/monoscript/fileName/AndroidEventsClient.cs: a683f80269eb031b531d6fecc8c8df66 -> 
  custom:scripting/monoscript/fileName/ISavedGameClient.cs: a56d38bd0266524761809fe983e94fe0 -> 
  custom:scripting/monoscript/fileName/PlayerStats.cs: 1718029faa191fe7663bc7c355d8ac57 -> 
  custom:scripting/monoscript/fileName/PlayGamesScore.cs: 1f1259b068cd28f0bad2da11bbdf59ff -> 
========================================================================
Received Import Request.
  Time since last request: 85.568008 seconds.
  path: Assets/Material/BG.mat
  artifactKey: Guid(4039558a9016e6045b2868c8b59c70c2) Importer(815301076,1909f56bfc062723c751e8b465ee728b)
Start importing Assets/Material/BG.mat using Guid(4039558a9016e6045b2868c8b59c70c2) Importer(815301076,1909f56bfc062723c751e8b465ee728b)  -> (artifact id: 'dedcea2b041824f42bf3e605f166b492') in 0.067838 seconds
Number of updated asset objects reloaded before import = 0
Number of asset objects unloaded after import = 2
========================================================================
Received Import Request.
  Time since last request: 0.000020 seconds.
  path: Assets/Material/CHAO 3.mat
  artifactKey: Guid(a743c6df15c41f346b03ffc3ab775d96) Importer(815301076,1909f56bfc062723c751e8b465ee728b)
Start importing Assets/Material/CHAO 3.mat using Guid(a743c6df15c41f346b03ffc3ab775d96) Importer(815301076,1909f56bfc062723c751e8b465ee728b)  -> (artifact id: 'edea49c5f7e6d7351d892cfafe2387a6') in 0.013948 seconds
Number of updated asset objects reloaded before import = 0
Number of asset objects unloaded after import = 2
========================================================================
Received Import Request.
  Time since last request: 0.000023 seconds.
  path: Assets/Material/CHAO.mat
  artifactKey: Guid(1bfd17c9c6dbb2648b453dab0db41850) Importer(815301076,1909f56bfc062723c751e8b465ee728b)
Start importing Assets/Material/CHAO.mat using Guid(1bfd17c9c6dbb2648b453dab0db41850) Importer(815301076,1909f56bfc062723c751e8b465ee728b)  -> (artifact id: 'df03867b3b3415e05d21c49424572bbf') in 0.019314 seconds
Number of updated asset objects reloaded before import = 0
Number of asset objects unloaded after import = 2
Editor requested this worker to shutdown with reason: Scaling down because of idle timeout
TcpMessagingSession - receive error: operation aborted. errorcode: 995, details: A operao de E/S foi anulada devido a uma sada de thread ou a uma requisio de aplicativo.
AssetImportWorker is now disconnected from the server
Process exiting
Exiting without the bug reporter. Application will terminate with return code 0